0 info it worked if it ends with ok
1 verbose cli [ '/home/andi/.nvm/versions/node/v8.9.1/bin/node',
1 verbose cli   '/home/andi/Projects/FireScript/firescript/node_modules/.bin/npm',
1 verbose cli   'run',
1 verbose cli   'test:integration',
1 verbose cli   '-b' ]
2 info using npm@3.10.10
3 info using node@v8.9.1
4 warn invalid config loglevel="notice"
5 verbose run-script [ 'pretest:integration',
5 verbose run-script   'test:integration',
5 verbose run-script   'posttest:integration' ]
6 info lifecycle firescript@0.0.0~pretest:integration: firescript@0.0.0
7 silly lifecycle firescript@0.0.0~pretest:integration: no script for pretest:integration, continuing
8 info lifecycle firescript@0.0.0~test:integration: firescript@0.0.0
9 verbose lifecycle firescript@0.0.0~test:integration: unsafe-perm in lifecycle true
10 verbose lifecycle firescript@0.0.0~test:integration: PATH: /home/andi/Projects/FireScript/firescript/node_modules/npm/bin/node-gyp-bin:/home/andi/Projects/FireScript/firescript/node_modules/.bin:/home/andi/.nvm/versions/node/v8.9.1/lib/node_modules/npm/bin/node-gyp-bin:/home/andi/Projects/FireScript/firescript/node_modules/.bin:/home/andi/.nvm/versions/node/v8.9.1/bin:/home/andi/.go/bin:/home/andi/Applications/bin:/home/andi/Applications/bin:/usr/local/sbin:/usr/local/bin:/usr/sbin:/usr/bin:/sbin:/bin:/usr/games:/usr/local/games
11 verbose lifecycle firescript@0.0.0~test:integration: CWD: /home/andi/Projects/FireScript/firescript
12 silly lifecycle firescript@0.0.0~test:integration: Args: [ '-c',
12 silly lifecycle   'mocha --reporter lagoon-reporter tests/integration/**/*.spec.js' ]
13 silly lifecycle firescript@0.0.0~test:integration: Returned: code: 16  signal: null
14 info lifecycle firescript@0.0.0~test:integration: Failed to exec test:integration script
15 verbose stack Error: firescript@0.0.0 test:integration: `mocha --reporter lagoon-reporter tests/integration/**/*.spec.js`
15 verbose stack Exit status 16
15 verbose stack     at EventEmitter.<anonymous> (/home/andi/Projects/FireScript/firescript/node_modules/npm/lib/utils/lifecycle.js:255:16)
15 verbose stack     at emitTwo (events.js:126:13)
15 verbose stack     at EventEmitter.emit (events.js:214:7)
15 verbose stack     at ChildProcess.<anonymous> (/home/andi/Projects/FireScript/firescript/node_modules/npm/lib/utils/spawn.js:40:14)
15 verbose stack     at emitTwo (events.js:126:13)
15 verbose stack     at ChildProcess.emit (events.js:214:7)
15 verbose stack     at maybeClose (internal/child_process.js:925:16)
15 verbose stack     at Process.ChildProcess._handle.onexit (internal/child_process.js:209:5)
16 verbose pkgid firescript@0.0.0
17 verbose cwd /home/andi/Projects/FireScript/firescript
18 error Linux 4.13.0-26-generic
19 error argv "/home/andi/.nvm/versions/node/v8.9.1/bin/node" "/home/andi/Projects/FireScript/firescript/node_modules/.bin/npm" "run" "test:integration" "-b"
20 error node v8.9.1
21 error npm  v3.10.10
22 error code ELIFECYCLE
23 error firescript@0.0.0 test:integration: `mocha --reporter lagoon-reporter tests/integration/**/*.spec.js`
23 error Exit status 16
24 error Failed at the firescript@0.0.0 test:integration script 'mocha --reporter lagoon-reporter tests/integration/**/*.spec.js'.
24 error Make sure you have the latest version of node.js and npm installed.
24 error If you do, this is most likely a problem with the firescript package,
24 error not with npm itself.
24 error Tell the author that this fails on your system:
24 error     mocha --reporter lagoon-reporter tests/integration/**/*.spec.js
24 error You can get information on how to open an issue for this project with:
24 error     npm bugs firescript
24 error Or if that isn't available, you can get their info via:
24 error     npm owner ls firescript
24 error There is likely additional logging output above.
25 verbose exit [ 1, true ]
